[debug] [2023-03-07T20:40:23.792Z] ----------------------------------------------------------------------
[debug] [2023-03-07T20:40:23.793Z] Command:       /usr/local/bin/node /usr/local/bin/firebase init hosting
[debug] [2023-03-07T20:40:23.793Z] CLI Version:   11.21.0
[debug] [2023-03-07T20:40:23.793Z] Platform:      darwin
[debug] [2023-03-07T20:40:23.793Z] Node Version:  v18.13.0
[debug] [2023-03-07T20:40:23.799Z] Time:          Tue Mar 07 2023 15:40:23 GMT-0500 (Eastern Standard Time)
[debug] [2023-03-07T20:40:23.799Z] ----------------------------------------------------------------------
[debug] 
[debug] [2023-03-07T20:40:23.829Z] > command requires scopes: ["email","openid","https://www.googleapis.com/auth/cloudplatformprojects.readonly","https://www.googleapis.com/auth/firebase","https://www.googleapis.com/auth/cloud-platform"]
[debug] [2023-03-07T20:40:23.829Z] > authorizing via signed-in user (brittneyanttoinette@gmail.com)
[info] 
     ######## #### ########  ######## ########     ###     ######  ########
     ##        ##  ##     ## ##       ##     ##  ##   ##  ##       ##
     ######    ##  ########  ######   ########  #########  ######  ######
     ##        ##  ##    ##  ##       ##     ## ##     ##       ## ##
     ##       #### ##     ## ######## ########  ##     ##  ######  ########

You're about to initialize a Firebase project in this directory:

  /Users/anttoinette/boca-code/new-frontend-react/final-project-ireccostyle-frontend

Before we get started, keep in mind:

  * You are initializing within an existing Firebase project directory

[info] 
=== Project Setup
[info] 
[info] First, let's associate this project directory with a Firebase project.
[info] You can create multiple project aliases by running firebase use --add, 
[info] but for now we'll just set up a default project.
[info] 
[debug] [2023-03-07T20:40:23.831Z] Using project from CLI flag: ireccostyle-frontend
[debug] [2023-03-07T20:40:23.832Z] > refreshing access token with scopes: []
[debug] [2023-03-07T20:40:23.833Z] >>> [apiv2][query] POST https://www.googleapis.com/oauth2/v3/token [none]
[debug] [2023-03-07T20:40:23.833Z] >>> [apiv2][body] POST https://www.googleapis.com/oauth2/v3/token [omitted]
[debug] [2023-03-07T20:40:24.132Z] <<< [apiv2][status] POST https://www.googleapis.com/oauth2/v3/token 200
[debug] [2023-03-07T20:40:24.133Z] <<< [apiv2][body] POST https://www.googleapis.com/oauth2/v3/token [omitted]
[debug] [2023-03-07T20:40:24.148Z] >>> [apiv2][query] GET https://firebase.googleapis.com/v1beta1/projects/ireccostyle-frontend [none]
[debug] [2023-03-07T20:40:25.040Z] <<< [apiv2][status] GET https://firebase.googleapis.com/v1beta1/projects/ireccostyle-frontend 200
[debug] [2023-03-07T20:40:25.040Z] <<< [apiv2][body] GET https://firebase.googleapis.com/v1beta1/projects/ireccostyle-frontend {"projectId":"ireccostyle-frontend","projectNumber":"110086557361","displayName":"ireccostyle-frontend","name":"projects/ireccostyle-frontend","resources":{"hostingSite":"ireccostyle-frontend"},"state":"ACTIVE","etag":"1_379bee1b-822d-49e4-840d-cdcfadf8a8c6"}
[info] i  Using project ireccostyle-frontend (ireccostyle-frontend) 
[info] 
=== Hosting Setup
[info] 
[info] Your public directory is the folder (relative to your project directory) that
[info] will contain Hosting assets to be uploaded with firebase deploy. If you
[info] have a build process for your assets, use your build's output directory.
[info] 
